<?xml version="1.0" encoding="UTF-8"?>
<testsuite xmlns:xsi="http://www.w3.org/2001/XMLSchema-instance" xsi:noNamespaceSchemaLocation="https://maven.apache.org/surefire/maven-surefire-plugin/xsd/surefire-test-report.xsd" name="br.com.caelum.leilao.servico.AvaliadorTest" time="0.121" tests="4" errors="0" skipped="0" failures="0">
  <properties>
[...]
</properties>
  <testcase name="naoDeveAvaliarLeiloesSemNenhumLanceDado" classname="br.com.caelum.leilao.servico.AvaliadorTest" time="0.032"/>
  <testcase name="deveEncontrarOsTresMaioresLances" classname="br.com.caelum.leilao.servico.AvaliadorTest" time="0.006"/>
  <testcase name="deveEntenderLancesEmOrdemCrescente" classname="br.com.caelum.leilao.servico.AvaliadorTest" time="0.001"/>
  <testcase name="deveEntenderLeilaoComApenasUmLance" classname="br.com.caelum.leilao.servico.AvaliadorTest" time="0"/>
</testsuite>